04-Sep-2025 22:21:19.897 정보 [main] org.apache.catalina.startup.VersionLoggerListener.log 서버 버전 이름:    Apache Tomcat/10.1.44
04-Sep-2025 22:21:19.900 정보 [main] org.apache.catalina.startup.VersionLoggerListener.log Server 빌드 시각:  Aug 4 2025 13:14:17 UTC
04-Sep-2025 22:21:19.900 정보 [main] org.apache.catalina.startup.VersionLoggerListener.log Server 버전 번호:  10.1.44.0
04-Sep-2025 22:21:19.900 정보 [main] org.apache.catalina.startup.VersionLoggerListener.log 운영체제 이름:     Windows 11
04-Sep-2025 22:21:19.900 정보 [main] org.apache.catalina.startup.VersionLoggerListener.log 운영체제 버전:     10.0
04-Sep-2025 22:21:19.900 정보 [main] org.apache.catalina.startup.VersionLoggerListener.log 아키텍처:          amd64
04-Sep-2025 22:21:19.900 정보 [main] org.apache.catalina.startup.VersionLoggerListener.log 자바 홈:           C:\Users\ysj06\.jdks\corretto-21.0.8
04-Sep-2025 22:21:19.900 정보 [main] org.apache.catalina.startup.VersionLoggerListener.log JVM 버전:          21.0.8+9-LTS
04-Sep-2025 22:21:19.900 정보 [main] org.apache.catalina.startup.VersionLoggerListener.log JVM 벤더:          Amazon.com Inc.
04-Sep-2025 22:21:19.900 정보 [main] org.apache.catalina.startup.VersionLoggerListener.log CATALINA_BASE:     C:\Users\ysj06\OneDrive\Desktop\유상준2\ysj\코딩\Java\JSP_board
04-Sep-2025 22:21:19.900 정보 [main] org.apache.catalina.startup.VersionLoggerListener.log CATALINA_HOME:     C:\Users\ysj06\OneDrive\Desktop\유상준2\ysj\코딩\Java\apache-tomcat-10.1.44-windows-x64\apache-tomcat-10.1.44
04-Sep-2025 22:21:19.908 정보 [main] org.apache.catalina.startup.VersionLoggerListener.log 명령 행 아규먼트:  --add-opens=java.base/java.lang=ALL-UNNAMED
04-Sep-2025 22:21:19.908 정보 [main] org.apache.catalina.startup.VersionLoggerListener.log 명령 행 아규먼트:  --add-opens=java.base/java.io=ALL-UNNAMED
04-Sep-2025 22:21:19.909 정보 [main] org.apache.catalina.startup.VersionLoggerListener.log 명령 행 아규먼트:  --add-opens=java.base/java.util=ALL-UNNAMED
04-Sep-2025 22:21:19.909 정보 [main] org.apache.catalina.startup.VersionLoggerListener.log 명령 행 아규먼트:  --add-opens=java.base/java.util.concurrent=ALL-UNNAMED
04-Sep-2025 22:21:19.909 정보 [main] org.apache.catalina.startup.VersionLoggerListener.log 명령 행 아규먼트:  --add-opens=java.rmi/sun.rmi.transport=ALL-UNNAMED
04-Sep-2025 22:21:19.909 정보 [main] org.apache.catalina.startup.VersionLoggerListener.log 명령 행 아규먼트:  -Dcatalina.home=C:\Users\ysj06\OneDrive\Desktop\유상준2\ysj\코딩\Java\apache-tomcat-10.1.44-windows-x64\apache-tomcat-10.1.44
04-Sep-2025 22:21:19.909 정보 [main] org.apache.catalina.startup.VersionLoggerListener.log 명령 행 아규먼트:  -Dcatalina.base=C:\Users\ysj06\OneDrive\Desktop\유상준2\ysj\코딩\Java\JSP_board
04-Sep-2025 22:21:19.909 정보 [main] org.apache.catalina.startup.VersionLoggerListener.log 명령 행 아규먼트:  -Djava.io.tmpdir=C:\Users\ysj06\OneDrive\Desktop\유상준2\ysj\코딩\Java\JSP_board\temp
04-Sep-2025 22:21:19.910 정보 [main] org.apache.catalina.startup.VersionLoggerListener.log 명령 행 아규먼트:  -Djava.util.logging.config.file=C:\Users\ysj06\OneDrive\Desktop\유상준2\ysj\코딩\Java\JSP_board\conf\logging.properties
04-Sep-2025 22:21:19.910 정보 [main] org.apache.catalina.startup.VersionLoggerListener.log 명령 행 아규먼트:  -Djava.util.logging.manager=org.apache.juli.ClassLoaderLogManager
04-Sep-2025 22:21:19.910 정보 [main] org.apache.catalina.startup.VersionLoggerListener.log 명령 행 아규먼트:  -javaagent:C:\Program Files\JetBrains\IntelliJ IDEA Community Edition 2024.3.2.1\lib\idea_rt.jar=61752:C:\Program Files\JetBrains\IntelliJ IDEA Community Edition 2024.3.2.1\bin
04-Sep-2025 22:21:19.910 정보 [main] org.apache.catalina.startup.VersionLoggerListener.log 명령 행 아규먼트:  -Dfile.encoding=UTF-8
04-Sep-2025 22:21:19.910 정보 [main] org.apache.catalina.startup.VersionLoggerListener.log 명령 행 아규먼트:  -Dsun.stdout.encoding=UTF-8
04-Sep-2025 22:21:19.910 정보 [main] org.apache.catalina.startup.VersionLoggerListener.log 명령 행 아규먼트:  -Dsun.stderr.encoding=UTF-8
04-Sep-2025 22:21:19.912 정보 [main] org.apache.catalina.core.AprLifecycleListener.lifecycleEvent APR 버전 [1.7.6]을(를) 사용한, APR 기반 Apache Tomcat Native 라이브러리 [2.0.9]을(를) 로드했습니다.
04-Sep-2025 22:21:19.916 정보 [main] org.apache.catalina.core.AprLifecycleListener.initializeSSL OpenSSL이 성공적으로 초기화되었습니다: [OpenSSL 3.5.0 8 Apr 2025]
04-Sep-2025 22:21:20.087 정보 [main] org.apache.coyote.AbstractProtocol.init 프로토콜 핸들러 ["http-nio-8080"]을(를) 초기화합니다.
04-Sep-2025 22:21:20.098 정보 [main] org.apache.catalina.startup.Catalina.load [340] 밀리초 내에 서버가 초기화되었습니다.
04-Sep-2025 22:21:20.160 정보 [main] org.apache.catalina.core.StandardService.startInternal 서비스 [Catalina]을(를) 시작합니다.
04-Sep-2025 22:21:20.160 정보 [main] org.apache.catalina.core.StandardEngine.startInternal 서버 엔진을 시작합니다: [Apache Tomcat/10.1.44]
04-Sep-2025 22:21:20.169 정보 [main] org.apache.catalina.startup.HostConfig.deployDescriptor 배치 descriptor [C:\Users\ysj06\OneDrive\Desktop\유상준2\ysj\코딩\Java\JSP_board\conf\Catalina\localhost\ROOT.xml]을(를) 배치합니다.
04-Sep-2025 22:21:20.450 정보 [main] org.apache.catalina.startup.HostConfig.deployDescriptor 배치 descriptor [C:\Users\ysj06\OneDrive\Desktop\유상준2\ysj\코딩\Java\JSP_board\conf\Catalina\localhost\ROOT.xml]의 배치가 [279] 밀리초 내에 완료되었습니다.
04-Sep-2025 22:21:20.453 정보 [main] org.apache.coyote.AbstractProtocol.start 프로토콜 핸들러 ["http-nio-8080"]을(를) 시작합니다.
04-Sep-2025 22:21:20.473 정보 [main] org.apache.catalina.startup.Catalina.start 서버가 [374] 밀리초 내에 시작되었습니다.
04-Sep-2025 22:25:20.259 정보 [Thread-1] org.apache.coyote.AbstractProtocol.pause 프로토콜 핸들러 ["http-nio-8080"]을(를) 일시 정지 중
04-Sep-2025 22:25:20.274 정보 [Thread-1] org.apache.catalina.core.StandardService.stopInternal 서비스 [Catalina]을(를) 중지시킵니다.
04-Sep-2025 22:25:20.279 정보 [Thread-1] org.apache.coyote.AbstractProtocol.stop 프로토콜 핸들러 ["http-nio-8080"]을(를) 중지시킵니다.
04-Sep-2025 22:25:20.282 정보 [Thread-1] org.apache.coyote.AbstractProtocol.destroy 프로토콜 핸들러 ["http-nio-8080"]을(를) 소멸시킵니다.
04-Sep-2025 22:27:25.390 정보 [main] org.apache.catalina.startup.VersionLoggerListener.log 서버 버전 이름:    Apache Tomcat/10.1.44
04-Sep-2025 22:27:25.393 정보 [main] org.apache.catalina.startup.VersionLoggerListener.log Server 빌드 시각:  Aug 4 2025 13:14:17 UTC
04-Sep-2025 22:27:25.393 정보 [main] org.apache.catalina.startup.VersionLoggerListener.log Server 버전 번호:  10.1.44.0
04-Sep-2025 22:27:25.393 정보 [main] org.apache.catalina.startup.VersionLoggerListener.log 운영체제 이름:     Windows 11
04-Sep-2025 22:27:25.394 정보 [main] org.apache.catalina.startup.VersionLoggerListener.log 운영체제 버전:     10.0
04-Sep-2025 22:27:25.394 정보 [main] org.apache.catalina.startup.VersionLoggerListener.log 아키텍처:          amd64
04-Sep-2025 22:27:25.394 정보 [main] org.apache.catalina.startup.VersionLoggerListener.log 자바 홈:           C:\Users\ysj06\.jdks\corretto-21.0.8
04-Sep-2025 22:27:25.394 정보 [main] org.apache.catalina.startup.VersionLoggerListener.log JVM 버전:          21.0.8+9-LTS
04-Sep-2025 22:27:25.394 정보 [main] org.apache.catalina.startup.VersionLoggerListener.log JVM 벤더:          Amazon.com Inc.
04-Sep-2025 22:27:25.394 정보 [main] org.apache.catalina.startup.VersionLoggerListener.log CATALINA_BASE:     C:\Users\ysj06\OneDrive\Desktop\유상준2\ysj\코딩\Java\JSP_board
04-Sep-2025 22:27:25.394 정보 [main] org.apache.catalina.startup.VersionLoggerListener.log CATALINA_HOME:     C:\Users\ysj06\OneDrive\Desktop\유상준2\ysj\코딩\Java\apache-tomcat-10.1.44-windows-x64\apache-tomcat-10.1.44
04-Sep-2025 22:27:25.400 정보 [main] org.apache.catalina.startup.VersionLoggerListener.log 명령 행 아규먼트:  --add-opens=java.base/java.lang=ALL-UNNAMED
04-Sep-2025 22:27:25.400 정보 [main] org.apache.catalina.startup.VersionLoggerListener.log 명령 행 아규먼트:  --add-opens=java.base/java.io=ALL-UNNAMED
04-Sep-2025 22:27:25.400 정보 [main] org.apache.catalina.startup.VersionLoggerListener.log 명령 행 아규먼트:  --add-opens=java.base/java.util=ALL-UNNAMED
04-Sep-2025 22:27:25.400 정보 [main] org.apache.catalina.startup.VersionLoggerListener.log 명령 행 아규먼트:  --add-opens=java.base/java.util.concurrent=ALL-UNNAMED
04-Sep-2025 22:27:25.400 정보 [main] org.apache.catalina.startup.VersionLoggerListener.log 명령 행 아규먼트:  --add-opens=java.rmi/sun.rmi.transport=ALL-UNNAMED
04-Sep-2025 22:27:25.400 정보 [main] org.apache.catalina.startup.VersionLoggerListener.log 명령 행 아규먼트:  -Dcatalina.home=C:\Users\ysj06\OneDrive\Desktop\유상준2\ysj\코딩\Java\apache-tomcat-10.1.44-windows-x64\apache-tomcat-10.1.44
04-Sep-2025 22:27:25.401 정보 [main] org.apache.catalina.startup.VersionLoggerListener.log 명령 행 아규먼트:  -Dcatalina.base=C:\Users\ysj06\OneDrive\Desktop\유상준2\ysj\코딩\Java\JSP_board
04-Sep-2025 22:27:25.401 정보 [main] org.apache.catalina.startup.VersionLoggerListener.log 명령 행 아규먼트:  -Djava.io.tmpdir=C:\Users\ysj06\OneDrive\Desktop\유상준2\ysj\코딩\Java\JSP_board\temp
04-Sep-2025 22:27:25.401 정보 [main] org.apache.catalina.startup.VersionLoggerListener.log 명령 행 아규먼트:  -Djava.util.logging.config.file=C:\Users\ysj06\OneDrive\Desktop\유상준2\ysj\코딩\Java\JSP_board\conf\logging.properties
04-Sep-2025 22:27:25.401 정보 [main] org.apache.catalina.startup.VersionLoggerListener.log 명령 행 아규먼트:  -Djava.util.logging.manager=org.apache.juli.ClassLoaderLogManager
04-Sep-2025 22:27:25.401 정보 [main] org.apache.catalina.startup.VersionLoggerListener.log 명령 행 아규먼트:  -javaagent:C:\Program Files\JetBrains\IntelliJ IDEA Community Edition 2024.3.2.1\lib\idea_rt.jar=52767:C:\Program Files\JetBrains\IntelliJ IDEA Community Edition 2024.3.2.1\bin
04-Sep-2025 22:27:25.401 정보 [main] org.apache.catalina.startup.VersionLoggerListener.log 명령 행 아규먼트:  -Dfile.encoding=UTF-8
04-Sep-2025 22:27:25.401 정보 [main] org.apache.catalina.startup.VersionLoggerListener.log 명령 행 아규먼트:  -Dsun.stdout.encoding=UTF-8
04-Sep-2025 22:27:25.401 정보 [main] org.apache.catalina.startup.VersionLoggerListener.log 명령 행 아규먼트:  -Dsun.stderr.encoding=UTF-8
04-Sep-2025 22:27:25.483 정보 [main] org.apache.catalina.core.AprLifecycleListener.lifecycleEvent APR 버전 [1.7.6]을(를) 사용한, APR 기반 Apache Tomcat Native 라이브러리 [2.0.9]을(를) 로드했습니다.
04-Sep-2025 22:27:25.486 정보 [main] org.apache.catalina.core.AprLifecycleListener.initializeSSL OpenSSL이 성공적으로 초기화되었습니다: [OpenSSL 3.5.0 8 Apr 2025]
04-Sep-2025 22:27:25.660 정보 [main] org.apache.coyote.AbstractProtocol.init 프로토콜 핸들러 ["http-nio-8080"]을(를) 초기화합니다.
04-Sep-2025 22:27:25.671 정보 [main] org.apache.catalina.startup.Catalina.load [412] 밀리초 내에 서버가 초기화되었습니다.
04-Sep-2025 22:27:25.712 정보 [main] org.apache.catalina.core.StandardService.startInternal 서비스 [Catalina]을(를) 시작합니다.
04-Sep-2025 22:27:25.712 정보 [main] org.apache.catalina.core.StandardEngine.startInternal 서버 엔진을 시작합니다: [Apache Tomcat/10.1.44]
04-Sep-2025 22:27:25.720 정보 [main] org.apache.catalina.startup.HostConfig.deployDescriptor 배치 descriptor [C:\Users\ysj06\OneDrive\Desktop\유상준2\ysj\코딩\Java\JSP_board\conf\Catalina\localhost\ROOT.xml]을(를) 배치합니다.
04-Sep-2025 22:27:26.390 정보 [main] org.apache.jasper.servlet.TldScanner.scanJars 적어도 하나의 JAR가 TLD들을 찾기 위해 스캔되었으나 아무 것도 찾지 못했습니다. 스캔했으나 TLD가 없는 JAR들의 전체 목록을 보시려면, 로그 레벨을 디버그 레벨로 설정하십시오. 스캔 과정에서 불필요한 JAR들을 건너뛰면, 시스템 시작 시간과 JSP 컴파일 시간을 단축시킬 수 있습니다.
04-Sep-2025 22:27:26.465 정보 [main] org.apache.catalina.startup.HostConfig.deployDescriptor 배치 descriptor [C:\Users\ysj06\OneDrive\Desktop\유상준2\ysj\코딩\Java\JSP_board\conf\Catalina\localhost\ROOT.xml]의 배치가 [744] 밀리초 내에 완료되었습니다.
04-Sep-2025 22:27:26.469 정보 [main] org.apache.coyote.AbstractProtocol.start 프로토콜 핸들러 ["http-nio-8080"]을(를) 시작합니다.
04-Sep-2025 22:27:26.490 정보 [main] org.apache.catalina.startup.Catalina.start 서버가 [819] 밀리초 내에 시작되었습니다.
04-Sep-2025 22:28:14.887 정보 [Thread-1] org.apache.coyote.AbstractProtocol.pause 프로토콜 핸들러 ["http-nio-8080"]을(를) 일시 정지 중
04-Sep-2025 22:28:14.902 정보 [Thread-1] org.apache.catalina.core.StandardService.stopInternal 서비스 [Catalina]을(를) 중지시킵니다.
04-Sep-2025 22:28:14.906 정보 [Thread-1] org.apache.coyote.AbstractProtocol.stop 프로토콜 핸들러 ["http-nio-8080"]을(를) 중지시킵니다.
04-Sep-2025 22:28:14.909 정보 [Thread-1] org.apache.coyote.AbstractProtocol.destroy 프로토콜 핸들러 ["http-nio-8080"]을(를) 소멸시킵니다.
04-Sep-2025 22:28:55.081 정보 [main] org.apache.catalina.startup.VersionLoggerListener.log 서버 버전 이름:    Apache Tomcat/10.1.44
04-Sep-2025 22:28:55.084 정보 [main] org.apache.catalina.startup.VersionLoggerListener.log Server 빌드 시각:  Aug 4 2025 13:14:17 UTC
04-Sep-2025 22:28:55.084 정보 [main] org.apache.catalina.startup.VersionLoggerListener.log Server 버전 번호:  10.1.44.0
04-Sep-2025 22:28:55.084 정보 [main] org.apache.catalina.startup.VersionLoggerListener.log 운영체제 이름:     Windows 11
04-Sep-2025 22:28:55.084 정보 [main] org.apache.catalina.startup.VersionLoggerListener.log 운영체제 버전:     10.0
04-Sep-2025 22:28:55.084 정보 [main] org.apache.catalina.startup.VersionLoggerListener.log 아키텍처:          amd64
04-Sep-2025 22:28:55.084 정보 [main] org.apache.catalina.startup.VersionLoggerListener.log 자바 홈:           C:\Users\ysj06\.jdks\corretto-21.0.8
04-Sep-2025 22:28:55.084 정보 [main] org.apache.catalina.startup.VersionLoggerListener.log JVM 버전:          21.0.8+9-LTS
04-Sep-2025 22:28:55.084 정보 [main] org.apache.catalina.startup.VersionLoggerListener.log JVM 벤더:          Amazon.com Inc.
04-Sep-2025 22:28:55.085 정보 [main] org.apache.catalina.startup.VersionLoggerListener.log CATALINA_BASE:     C:\Users\ysj06\OneDrive\Desktop\유상준2\ysj\코딩\Java\JSP_board
04-Sep-2025 22:28:55.085 정보 [main] org.apache.catalina.startup.VersionLoggerListener.log CATALINA_HOME:     C:\Users\ysj06\OneDrive\Desktop\유상준2\ysj\코딩\Java\apache-tomcat-10.1.44-windows-x64\apache-tomcat-10.1.44
04-Sep-2025 22:28:55.089 정보 [main] org.apache.catalina.startup.VersionLoggerListener.log 명령 행 아규먼트:  --add-opens=java.base/java.lang=ALL-UNNAMED
04-Sep-2025 22:28:55.090 정보 [main] org.apache.catalina.startup.VersionLoggerListener.log 명령 행 아규먼트:  --add-opens=java.base/java.io=ALL-UNNAMED
04-Sep-2025 22:28:55.090 정보 [main] org.apache.catalina.startup.VersionLoggerListener.log 명령 행 아규먼트:  --add-opens=java.base/java.util=ALL-UNNAMED
04-Sep-2025 22:28:55.090 정보 [main] org.apache.catalina.startup.VersionLoggerListener.log 명령 행 아규먼트:  --add-opens=java.base/java.util.concurrent=ALL-UNNAMED
04-Sep-2025 22:28:55.090 정보 [main] org.apache.catalina.startup.VersionLoggerListener.log 명령 행 아규먼트:  --add-opens=java.rmi/sun.rmi.transport=ALL-UNNAMED
04-Sep-2025 22:28:55.090 정보 [main] org.apache.catalina.startup.VersionLoggerListener.log 명령 행 아규먼트:  -Dcatalina.home=C:\Users\ysj06\OneDrive\Desktop\유상준2\ysj\코딩\Java\apache-tomcat-10.1.44-windows-x64\apache-tomcat-10.1.44
04-Sep-2025 22:28:55.090 정보 [main] org.apache.catalina.startup.VersionLoggerListener.log 명령 행 아규먼트:  -Dcatalina.base=C:\Users\ysj06\OneDrive\Desktop\유상준2\ysj\코딩\Java\JSP_board
04-Sep-2025 22:28:55.090 정보 [main] org.apache.catalina.startup.VersionLoggerListener.log 명령 행 아규먼트:  -Djava.io.tmpdir=C:\Users\ysj06\OneDrive\Desktop\유상준2\ysj\코딩\Java\JSP_board\temp
04-Sep-2025 22:28:55.090 정보 [main] org.apache.catalina.startup.VersionLoggerListener.log 명령 행 아규먼트:  -Djava.util.logging.config.file=C:\Users\ysj06\OneDrive\Desktop\유상준2\ysj\코딩\Java\JSP_board\conf\logging.properties
04-Sep-2025 22:28:55.090 정보 [main] org.apache.catalina.startup.VersionLoggerListener.log 명령 행 아규먼트:  -Djava.util.logging.manager=org.apache.juli.ClassLoaderLogManager
04-Sep-2025 22:28:55.090 정보 [main] org.apache.catalina.startup.VersionLoggerListener.log 명령 행 아규먼트:  -javaagent:C:\Program Files\JetBrains\IntelliJ IDEA Community Edition 2024.3.2.1\lib\idea_rt.jar=64457:C:\Program Files\JetBrains\IntelliJ IDEA Community Edition 2024.3.2.1\bin
04-Sep-2025 22:28:55.090 정보 [main] org.apache.catalina.startup.VersionLoggerListener.log 명령 행 아규먼트:  -Dfile.encoding=UTF-8
04-Sep-2025 22:28:55.090 정보 [main] org.apache.catalina.startup.VersionLoggerListener.log 명령 행 아규먼트:  -Dsun.stdout.encoding=UTF-8
04-Sep-2025 22:28:55.090 정보 [main] org.apache.catalina.startup.VersionLoggerListener.log 명령 행 아규먼트:  -Dsun.stderr.encoding=UTF-8
04-Sep-2025 22:28:55.093 정보 [main] org.apache.catalina.core.AprLifecycleListener.lifecycleEvent APR 버전 [1.7.6]을(를) 사용한, APR 기반 Apache Tomcat Native 라이브러리 [2.0.9]을(를) 로드했습니다.
04-Sep-2025 22:28:55.096 정보 [main] org.apache.catalina.core.AprLifecycleListener.initializeSSL OpenSSL이 성공적으로 초기화되었습니다: [OpenSSL 3.5.0 8 Apr 2025]
04-Sep-2025 22:28:55.266 정보 [main] org.apache.coyote.AbstractProtocol.init 프로토콜 핸들러 ["http-nio-8080"]을(를) 초기화합니다.
04-Sep-2025 22:28:55.277 정보 [main] org.apache.catalina.startup.Catalina.load [328] 밀리초 내에 서버가 초기화되었습니다.
04-Sep-2025 22:28:55.323 정보 [main] org.apache.catalina.core.StandardService.startInternal 서비스 [Catalina]을(를) 시작합니다.
04-Sep-2025 22:28:55.324 정보 [main] org.apache.catalina.core.StandardEngine.startInternal 서버 엔진을 시작합니다: [Apache Tomcat/10.1.44]
04-Sep-2025 22:28:55.333 정보 [main] org.apache.catalina.startup.HostConfig.deployDescriptor 배치 descriptor [C:\Users\ysj06\OneDrive\Desktop\유상준2\ysj\코딩\Java\JSP_board\conf\Catalina\localhost\ROOT.xml]을(를) 배치합니다.
04-Sep-2025 22:28:55.960 정보 [main] org.apache.jasper.servlet.TldScanner.scanJars 적어도 하나의 JAR가 TLD들을 찾기 위해 스캔되었으나 아무 것도 찾지 못했습니다. 스캔했으나 TLD가 없는 JAR들의 전체 목록을 보시려면, 로그 레벨을 디버그 레벨로 설정하십시오. 스캔 과정에서 불필요한 JAR들을 건너뛰면, 시스템 시작 시간과 JSP 컴파일 시간을 단축시킬 수 있습니다.
04-Sep-2025 22:28:56.029 정보 [main] org.apache.catalina.startup.HostConfig.deployDescriptor 배치 descriptor [C:\Users\ysj06\OneDrive\Desktop\유상준2\ysj\코딩\Java\JSP_board\conf\Catalina\localhost\ROOT.xml]의 배치가 [695] 밀리초 내에 완료되었습니다.
04-Sep-2025 22:28:56.034 정보 [main] org.apache.coyote.AbstractProtocol.start 프로토콜 핸들러 ["http-nio-8080"]을(를) 시작합니다.
04-Sep-2025 22:28:56.053 정보 [main] org.apache.catalina.startup.Catalina.start 서버가 [774] 밀리초 내에 시작되었습니다.
04-Sep-2025 22:29:27.683 정보 [Thread-1] org.apache.coyote.AbstractProtocol.pause 프로토콜 핸들러 ["http-nio-8080"]을(를) 일시 정지 중
04-Sep-2025 22:29:27.704 정보 [Thread-1] org.apache.catalina.core.StandardService.stopInternal 서비스 [Catalina]을(를) 중지시킵니다.
04-Sep-2025 22:29:27.718 정보 [Thread-1] org.apache.coyote.AbstractProtocol.stop 프로토콜 핸들러 ["http-nio-8080"]을(를) 중지시킵니다.
04-Sep-2025 22:29:27.736 정보 [Thread-1] org.apache.coyote.AbstractProtocol.destroy 프로토콜 핸들러 ["http-nio-8080"]을(를) 소멸시킵니다.
04-Sep-2025 22:30:35.158 정보 [main] org.apache.catalina.startup.VersionLoggerListener.log 서버 버전 이름:    Apache Tomcat/10.1.44
04-Sep-2025 22:30:35.160 정보 [main] org.apache.catalina.startup.VersionLoggerListener.log Server 빌드 시각:  Aug 4 2025 13:14:17 UTC
04-Sep-2025 22:30:35.160 정보 [main] org.apache.catalina.startup.VersionLoggerListener.log Server 버전 번호:  10.1.44.0
04-Sep-2025 22:30:35.162 정보 [main] org.apache.catalina.startup.VersionLoggerListener.log 운영체제 이름:     Windows 11
04-Sep-2025 22:30:35.162 정보 [main] org.apache.catalina.startup.VersionLoggerListener.log 운영체제 버전:     10.0
04-Sep-2025 22:30:35.162 정보 [main] org.apache.catalina.startup.VersionLoggerListener.log 아키텍처:          amd64
04-Sep-2025 22:30:35.162 정보 [main] org.apache.catalina.startup.VersionLoggerListener.log 자바 홈:           C:\Users\ysj06\.jdks\corretto-21.0.8
04-Sep-2025 22:30:35.162 정보 [main] org.apache.catalina.startup.VersionLoggerListener.log JVM 버전:          21.0.8+9-LTS
04-Sep-2025 22:30:35.162 정보 [main] org.apache.catalina.startup.VersionLoggerListener.log JVM 벤더:          Amazon.com Inc.
04-Sep-2025 22:30:35.162 정보 [main] org.apache.catalina.startup.VersionLoggerListener.log CATALINA_BASE:     C:\Users\ysj06\OneDrive\Desktop\유상준2\ysj\코딩\Java\JSP_board
04-Sep-2025 22:30:35.162 정보 [main] org.apache.catalina.startup.VersionLoggerListener.log CATALINA_HOME:     C:\Users\ysj06\OneDrive\Desktop\유상준2\ysj\코딩\Java\apache-tomcat-10.1.44-windows-x64\apache-tomcat-10.1.44
04-Sep-2025 22:30:35.167 정보 [main] org.apache.catalina.startup.VersionLoggerListener.log 명령 행 아규먼트:  --add-opens=java.base/java.lang=ALL-UNNAMED
04-Sep-2025 22:30:35.167 정보 [main] org.apache.catalina.startup.VersionLoggerListener.log 명령 행 아규먼트:  --add-opens=java.base/java.io=ALL-UNNAMED
04-Sep-2025 22:30:35.167 정보 [main] org.apache.catalina.startup.VersionLoggerListener.log 명령 행 아규먼트:  --add-opens=java.base/java.util=ALL-UNNAMED
04-Sep-2025 22:30:35.167 정보 [main] org.apache.catalina.startup.VersionLoggerListener.log 명령 행 아규먼트:  --add-opens=java.base/java.util.concurrent=ALL-UNNAMED
04-Sep-2025 22:30:35.167 정보 [main] org.apache.catalina.startup.VersionLoggerListener.log 명령 행 아규먼트:  --add-opens=java.rmi/sun.rmi.transport=ALL-UNNAMED
04-Sep-2025 22:30:35.167 정보 [main] org.apache.catalina.startup.VersionLoggerListener.log 명령 행 아규먼트:  -Dcatalina.home=C:\Users\ysj06\OneDrive\Desktop\유상준2\ysj\코딩\Java\apache-tomcat-10.1.44-windows-x64\apache-tomcat-10.1.44
04-Sep-2025 22:30:35.167 정보 [main] org.apache.catalina.startup.VersionLoggerListener.log 명령 행 아규먼트:  -Dcatalina.base=C:\Users\ysj06\OneDrive\Desktop\유상준2\ysj\코딩\Java\JSP_board
04-Sep-2025 22:30:35.167 정보 [main] org.apache.catalina.startup.VersionLoggerListener.log 명령 행 아규먼트:  -Djava.io.tmpdir=C:\Users\ysj06\OneDrive\Desktop\유상준2\ysj\코딩\Java\JSP_board\temp
04-Sep-2025 22:30:35.168 정보 [main] org.apache.catalina.startup.VersionLoggerListener.log 명령 행 아규먼트:  -Djava.util.logging.config.file=C:\Users\ysj06\OneDrive\Desktop\유상준2\ysj\코딩\Java\JSP_board\conf\logging.properties
04-Sep-2025 22:30:35.168 정보 [main] org.apache.catalina.startup.VersionLoggerListener.log 명령 행 아규먼트:  -Djava.util.logging.manager=org.apache.juli.ClassLoaderLogManager
04-Sep-2025 22:30:35.168 정보 [main] org.apache.catalina.startup.VersionLoggerListener.log 명령 행 아규먼트:  -javaagent:C:\Program Files\JetBrains\IntelliJ IDEA Community Edition 2024.3.2.1\lib\idea_rt.jar=64183:C:\Program Files\JetBrains\IntelliJ IDEA Community Edition 2024.3.2.1\bin
04-Sep-2025 22:30:35.168 정보 [main] org.apache.catalina.startup.VersionLoggerListener.log 명령 행 아규먼트:  -Dfile.encoding=UTF-8
04-Sep-2025 22:30:35.168 정보 [main] org.apache.catalina.startup.VersionLoggerListener.log 명령 행 아규먼트:  -Dsun.stdout.encoding=UTF-8
04-Sep-2025 22:30:35.168 정보 [main] org.apache.catalina.startup.VersionLoggerListener.log 명령 행 아규먼트:  -Dsun.stderr.encoding=UTF-8
04-Sep-2025 22:30:35.170 정보 [main] org.apache.catalina.core.AprLifecycleListener.lifecycleEvent APR 버전 [1.7.6]을(를) 사용한, APR 기반 Apache Tomcat Native 라이브러리 [2.0.9]을(를) 로드했습니다.
04-Sep-2025 22:30:35.173 정보 [main] org.apache.catalina.core.AprLifecycleListener.initializeSSL OpenSSL이 성공적으로 초기화되었습니다: [OpenSSL 3.5.0 8 Apr 2025]
04-Sep-2025 22:30:35.365 정보 [main] org.apache.coyote.AbstractProtocol.init 프로토콜 핸들러 ["http-nio-8080"]을(를) 초기화합니다.
04-Sep-2025 22:30:35.380 정보 [main] org.apache.catalina.startup.Catalina.load [357] 밀리초 내에 서버가 초기화되었습니다.
04-Sep-2025 22:30:35.429 정보 [main] org.apache.catalina.core.StandardService.startInternal 서비스 [Catalina]을(를) 시작합니다.
04-Sep-2025 22:30:35.429 정보 [main] org.apache.catalina.core.StandardEngine.startInternal 서버 엔진을 시작합니다: [Apache Tomcat/10.1.44]
04-Sep-2025 22:30:35.441 정보 [main] org.apache.catalina.startup.HostConfig.deployDescriptor 배치 descriptor [C:\Users\ysj06\OneDrive\Desktop\유상준2\ysj\코딩\Java\JSP_board\conf\Catalina\localhost\ROOT.xml]을(를) 배치합니다.
04-Sep-2025 22:30:36.133 정보 [main] org.apache.jasper.servlet.TldScanner.scanJars 적어도 하나의 JAR가 TLD들을 찾기 위해 스캔되었으나 아무 것도 찾지 못했습니다. 스캔했으나 TLD가 없는 JAR들의 전체 목록을 보시려면, 로그 레벨을 디버그 레벨로 설정하십시오. 스캔 과정에서 불필요한 JAR들을 건너뛰면, 시스템 시작 시간과 JSP 컴파일 시간을 단축시킬 수 있습니다.
04-Sep-2025 22:30:36.207 정보 [main] org.apache.catalina.startup.HostConfig.deployDescriptor 배치 descriptor [C:\Users\ysj06\OneDrive\Desktop\유상준2\ysj\코딩\Java\JSP_board\conf\Catalina\localhost\ROOT.xml]의 배치가 [765] 밀리초 내에 완료되었습니다.
04-Sep-2025 22:30:36.212 정보 [main] org.apache.coyote.AbstractProtocol.start 프로토콜 핸들러 ["http-nio-8080"]을(를) 시작합니다.
04-Sep-2025 22:30:36.233 정보 [main] org.apache.catalina.startup.Catalina.start 서버가 [852] 밀리초 내에 시작되었습니다.
04-Sep-2025 22:30:41.308 정보 [Thread-1] org.apache.coyote.AbstractProtocol.pause 프로토콜 핸들러 ["http-nio-8080"]을(를) 일시 정지 중
04-Sep-2025 22:30:41.322 정보 [Thread-1] org.apache.catalina.core.StandardService.stopInternal 서비스 [Catalina]을(를) 중지시킵니다.
04-Sep-2025 22:30:41.327 정보 [Thread-1] org.apache.coyote.AbstractProtocol.stop 프로토콜 핸들러 ["http-nio-8080"]을(를) 중지시킵니다.
04-Sep-2025 22:30:41.329 정보 [Thread-1] org.apache.coyote.AbstractProtocol.destroy 프로토콜 핸들러 ["http-nio-8080"]을(를) 소멸시킵니다.
